--------------------------------------------------------------------------------
Release 14.4 Trace  (nt64)
Copyright (c) 1995-2012 Xilinx, Inc.  All rights reserved.

C:\Xilinx\14.4\ISE_DS\ISE\bin\nt64\unwrapped\trce.exe -intstyle ise -v 3 -s 3
-n 3 -fastpaths -xml alu.twx alu.ncd -o alu.twr alu.pcf

Design file:              alu.ncd
Physical constraint file: alu.pcf
Device,package,speed:     xc6slx4,cpg196,C,-3 (PRODUCTION 1.23 2012-12-04)
Report level:             verbose report

Environment Variable      Effect 
--------------------      ------ 
NONE                      No environment variables were set
--------------------------------------------------------------------------------

INFO:Timing:2698 - No timing constraints found, doing default enumeration.
INFO:Timing:3412 - To improve timing, see the Timing Closure User Guide (UG612).
INFO:Timing:2752 - To get complete path coverage, use the unconstrained paths 
   option. All paths that are not constrained will be reported in the 
   unconstrained paths section(s) of the report.
INFO:Timing:3339 - The clock-to-out numbers in this timing report are based on 
   a 50 Ohm transmission line loading model.  For the details of this model, 
   and for more information on accounting for different loading conditions, 
   please see the device datasheet.



Data Sheet report:
-----------------
All values displayed in nanoseconds (ns)

Pad to Pad
---------------+---------------+---------+
Source Pad     |Destination Pad|  Delay  |
---------------+---------------+---------+
a<0>           |out<0>         |    7.964|
a<0>           |out<1>         |    7.541|
a<0>           |out<2>         |    7.579|
a<0>           |out<3>         |    8.035|
a<1>           |out<1>         |    7.565|
a<1>           |out<2>         |    7.658|
a<1>           |out<3>         |    8.130|
a<2>           |out<2>         |    7.442|
a<2>           |out<3>         |    7.891|
a<3>           |out<3>         |    7.869|
b<0>           |out<0>         |    8.490|
b<0>           |out<1>         |    8.064|
b<0>           |out<2>         |    8.105|
b<0>           |out<3>         |    8.561|
b<1>           |out<1>         |    7.580|
b<1>           |out<2>         |    7.673|
b<1>           |out<3>         |    8.145|
b<2>           |out<2>         |    7.496|
b<2>           |out<3>         |    7.945|
b<3>           |out<3>         |    7.557|
op<0>          |out<0>         |    8.424|
op<0>          |out<1>         |    7.998|
op<0>          |out<2>         |    8.039|
op<0>          |out<3>         |    8.509|
op<1>          |out<0>         |    7.228|
op<1>          |out<1>         |    6.927|
op<1>          |out<2>         |    7.417|
op<1>          |out<3>         |    7.146|
op<2>          |out<0>         |    6.922|
op<2>          |out<1>         |    7.314|
op<2>          |out<2>         |    7.163|
op<2>          |out<3>         |    6.834|
---------------+---------------+---------+


Analysis completed Mon Jan 29 13:24:26 2024 
--------------------------------------------------------------------------------

Trace Settings:
-------------------------
Trace Settings 

Peak Memory Usage: 4555 MB



