ISim log file
Running: F:\SC3050\Lab1\project_lab1_task2\alu_tb_file_io_isim_beh.exe -intstyle ise -gui -tclbatch isim.cmd -wdb F:/SC3050/Lab1/project_lab1_task2/alu_tb_file_io_isim_beh.wdb 
ISim P.49d (signature 0x7708f090)
----------------------------------------------------------------------
INFO:Security:51 - The XILINXD_LICENSE_FILE environment variable is not set.
INFO:Security:52 - The LM_LICENSE_FILE environment variable is set to '2100@155.69.100.58;2100@155.69.100.59;2100@155.69.100.60'.
WARNING:Security:43 - No license file was found in the standard Xilinx license directory.
WARNING:Security:44 - Since no license file was found,
       please run the Xilinx License Configuration Manager
       (xlcm or "Manage Xilinx Licenses")
       to assist in obtaining a license.
WARNING:Security:42 - Your software subscription period has lapsed. Your current version of Xilinx tools will continue to function, but you no longer qualify for Xilinx software updates or new releases.


----------------------------------------------------------------------
This is a Full version of ISim.
Time resolution is 1 ps
# onerror resume
# wave add /
# run 1000 ns
Simulator is doing circuit initialization process.
Finished circuit initialization process.
Stopped at time : 150 ns : File "F:/SC3050/Lab1/project_lab1_task2/alutest.v" Line 48
